<?xml version="1.0" encoding="UTF-8"?>
<testng-results skipped="0" failed="0" total="1" passed="1">
  <reporter-output>
  </reporter-output>
  <suite name="Main Test Suite" duration-ms="8711" started-at="2018-10-03T10:34:37Z" finished-at="2018-10-03T10:34:46Z">
    <groups>
    </groups>
    <test name="Grid firefox Test" duration-ms="8711" started-at="2018-10-03T10:34:37Z" finished-at="2018-10-03T10:34:46Z">
      <class name="test.Login">
        <test-method status="PASS" signature="beforeClass()[pri:0, instance:test.Login@ba4d54]" name="beforeClass" is-config="true" duration-ms="8478" started-at="2018-10-03T16:04:37Z" finished-at="2018-10-03T16:04:46Z">
          <reporter-output>
          </reporter-output>
        </test-method> <!-- beforeClass -->
        <test-method status="PASS" signature="pageTitle()[pri:0, instance:test.Login@ba4d54]" name="pageTitle" duration-ms="184" started-at="2018-10-03T16:04:46Z" finished-at="2018-10-03T16:04:46Z">
          <reporter-output>
          </reporter-output>
        </test-method> <!-- pageTitle -->
        <test-method status="PASS" signature="close()[pri:0, instance:test.Login@ba4d54]" name="close" is-config="true" duration-ms="37" started-at="2018-10-03T16:04:46Z" finished-at="2018-10-03T16:04:46Z">
          <reporter-output>
          </reporter-output>
        </test-method> <!-- close -->
      </class> <!-- test.Login -->
    </test> <!-- Grid firefox Test -->
  </suite> <!-- Main Test Suite -->
</testng-results>
